<?xml version="1.0" encoding="utf-8"?><testsuites name="pytest tests"><testsuite name="pytest" errors="0" failures="0" skipped="0" tests="28" time="6.181" timestamp="2026-04-22T10:02:41.059668+00:00" hostname="agent-env-b20d9e0b-cd84-4cbc-99ed-3c78d58f7485"><testcase classname="backend.tests.test_beezy_api" name="test_root" time="0.204" /><testcase classname="backend.tests.test_beezy_api" name="test_services_list" time="0.109" /><testcase classname="backend.tests.test_beezy_api" name="test_login_success" time="0.345" /><testcase classname="backend.tests.test_beezy_api" name="test_login_wrong_password" time="0.324" /><testcase classname="backend.tests.test_beezy_api" name="test_login_unknown_email" time="0.116" /><testcase classname="backend.tests.test_beezy_api" name="test_me_requires_token" time="0.098" /><testcase classname="backend.tests.test_beezy_api" name="test_me_invalid_token" time="0.098" /><testcase classname="backend.tests.test_beezy_api" name="test_me_with_valid_token" time="0.360" /><testcase classname="backend.tests.test_beezy_api" name="test_admin_endpoints_require_auth[/admin/stats]" time="0.136" /><testcase classname="backend.tests.test_beezy_api" name="test_admin_endpoints_require_auth[/admin/bookings]" time="0.096" /><testcase classname="backend.tests.test_beezy_api" name="test_admin_endpoints_require_auth[/admin/pilot-signups]" time="0.101" /><testcase classname="backend.tests.test_beezy_api" name="test_admin_endpoints_require_auth[/admin/shield-subscriptions]" time="0.147" /><testcase classname="backend.tests.test_beezy_api" name="test_admin_endpoints_require_auth[/admin/investor-inquiries]" time="0.130" /><testcase classname="backend.tests.test_beezy_api" name="test_create_booking_201" time="0.103" /><testcase classname="backend.tests.test_beezy_api" name="test_booking_validation" time="0.123" /><testcase classname="backend.tests.test_beezy_api" name="test_create_pilot_201" time="0.092" /><testcase classname="backend.tests.test_beezy_api" name="test_create_shield_201" time="0.107" /><testcase classname="backend.tests.test_beezy_api" name="test_create_investor_201" time="0.105" /><testcase classname="backend.tests.test_beezy_api" name="test_investor_invalid_email" time="0.093" /><testcase classname="backend.tests.test_beezy_api" name="test_old_public_list_removed[/bookings]" time="0.101" /><testcase classname="backend.tests.test_beezy_api" name="test_old_public_list_removed[/pilot-signups]" time="0.098" /><testcase classname="backend.tests.test_beezy_api" name="test_admin_stats" time="0.370" /><testcase classname="backend.tests.test_beezy_api" name="test_admin_pagination_shape[/admin/bookings]" time="0.372" /><testcase classname="backend.tests.test_beezy_api" name="test_admin_pagination_shape[/admin/pilot-signups]" time="0.381" /><testcase classname="backend.tests.test_beezy_api" name="test_admin_pagination_shape[/admin/shield-subscriptions]" time="0.381" /><testcase classname="backend.tests.test_beezy_api" name="test_admin_pagination_shape[/admin/investor-inquiries]" time="0.368" /><testcase classname="backend.tests.test_beezy_api" name="test_admin_bookings_sorted_desc" time="0.722" /><testcase classname="backend.tests.test_beezy_api" name="test_admin_page_size_param" time="0.395" /></testsuite></testsuites>