<?xml version="1.0" encoding="utf-8"?><testsuites name="pytest tests"><testsuite name="pytest" errors="0" failures="0" skipped="0" tests="8" time="1.567" timestamp="2026-04-22T09:21:07.033146+00:00" hostname="agent-env-b20d9e0b-cd84-4cbc-99ed-3c78d58f7485"><testcase classname="backend.tests.test_beezy_api" name="test_root" time="0.235" /><testcase classname="backend.tests.test_beezy_api" name="test_services_list" time="0.138" /><testcase classname="backend.tests.test_beezy_api" name="test_create_and_list_booking" time="0.190" /><testcase classname="backend.tests.test_beezy_api" name="test_booking_validation" time="0.101" /><testcase classname="backend.tests.test_beezy_api" name="test_create_and_list_pilot" time="0.241" /><testcase classname="backend.tests.test_beezy_api" name="test_create_and_list_shield" time="0.147" /><testcase classname="backend.tests.test_beezy_api" name="test_create_and_list_investor" time="0.177" /><testcase classname="backend.tests.test_beezy_api" name="test_investor_invalid_email" time="0.171" /></testsuite></testsuites>